# JRE version: Java(TM) SE Runtime Environment (8.0_241-b07) (build 1.8.0_241-b07)
# Java VM: Java HotSpot(TM) 64-Bit Server VM (25.241-b07 mixed mode windows-amd64 compressed oops)
Heap:
 PSYoungGen      total 172544K, used 41732K [0x0000000780780000, 0x000000078fa80000, 0x00000007c0000000)
  eden space 158720K, 17% used [0x0000000780780000,0x0000000782317670,0x000000078a280000)
  from space 13824K, 97% used [0x000000078ed00000,0x000000078fa29d60,0x000000078fa80000)
  to   space 18944K, 0% used [0x000000078d580000,0x000000078d580000,0x000000078e800000)
 ParOldGen       total 124928K, used 23001K [0x0000000701600000, 0x0000000709000000, 0x0000000780780000)
  object space 124928K, 18% used [0x0000000701600000,0x0000000702c767e8,0x0000000709000000)
 Metaspace       used 52167K, capacity 54930K, committed 55168K, reserved 1097728K
  class space    used 7329K, capacity 7790K, committed 7808K, reserved 1048576K
GC Heap History (10 events):
Event: 10.295 GC heap before
{Heap before GC invocations=8 (full 1):
 PSYoungGen      total 114176K, used 41602K [0x0000000780780000, 0x000000078b580000, 0x00000007c0000000)
  eden space 102912K, 29% used [0x0000000780780000,0x00000007825239d0,0x0000000786c00000)
  from space 11264K, 99% used [0x0000000787c00000,0x00000007886fcfb0,0x0000000788700000)
  to   space 16384K, 0% used [0x0000000786c00000,0x0000000786c00000,0x0000000787c00000)
 ParOldGen       total 81408K, used 14022K [0x0000000701600000, 0x0000000706580000, 0x0000000780780000)
  object space 81408K, 17% used [0x0000000701600000,0x00000007023b1958,0x0000000706580000)
 Metaspace       used 33868K, capacity 35392K, committed 35456K, reserved 1079296K
  class space    used 4632K, capacity 4958K, committed 4992K, reserved 1048576K
Event: 10.307 GC heap after
Heap after GC invocations=8 (full 1):
 PSYoungGen      total 119296K, used 12489K [0x0000000780780000, 0x000000078ce80000, 0x00000007c0000000)
  eden space 102912K, 0% used [0x0000000780780000,0x0000000780780000,0x0000000786c00000)
  from space 16384K, 76% used [0x0000000786c00000,0x00000007878327e8,0x0000000787c00000)
  to   space 16896K, 0% used [0x000000078be00000,0x000000078be00000,0x000000078ce80000)
 ParOldGen       total 81408K, used 14030K [0x0000000701600000, 0x0000000706580000, 0x0000000780780000)
  object space 81408K, 17% used [0x0000000701600000,0x00000007023b3958,0x0000000706580000)
 Metaspace       used 33868K, capacity 35392K, committed 35456K, reserved 1079296K
  class space    used 4632K, capacity 4958K, committed 4992K, reserved 1048576K
}
Event: 10.307 GC heap before
{Heap before GC invocations=9 (full 2):
 PSYoungGen      total 119296K, used 12489K [0x0000000780780000, 0x000000078ce80000, 0x00000007c0000000)
  eden space 102912K, 0% used [0x0000000780780000,0x0000000780780000,0x0000000786c00000)
  from space 16384K, 76% used [0x0000000786c00000,0x00000007878327e8,0x0000000787c00000)
  to   space 16896K, 0% used [0x000000078be00000,0x000000078be00000,0x000000078ce80000)
 ParOldGen       total 81408K, used 14030K [0x0000000701600000, 0x0000000706580000, 0x0000000780780000)
  object space 81408K, 17% used [0x0000000701600000,0x00000007023b3958,0x0000000706580000)
 Metaspace       used 33868K, capacity 35392K, committed 35456K, reserved 1079296K
  class space    used 4632K, capacity 4958K, committed 4992K, reserved 1048576K
Event: 10.383 GC heap after
Heap after GC invocations=9 (full 2):
 PSYoungGen      total 119296K, used 0K [0x0000000780780000, 0x000000078ce80000, 0x00000007c0000000)
  eden space 102912K, 0% used [0x0000000780780000,0x0000000780780000,0x0000000786c00000)
  from space 16384K, 0% used [0x0000000786c00000,0x0000000786c00000,0x0000000787c00000)
  to   space 16896K, 0% used [0x000000078be00000,0x000000078be00000,0x000000078ce80000)
 ParOldGen       total 124928K, used 20449K [0x0000000701600000, 0x0000000709000000, 0x0000000780780000)
  object space 124928K, 16% used [0x0000000701600000,0x00000007029f8780,0x0000000709000000)
 Metaspace       used 33868K, capacity 35392K, committed 35456K, reserved 1079296K
  class space    used 4632K, capacity 4958K, committed 4992K, reserved 1048576K
}
Event: 12.144 GC heap before
{Heap before GC invocations=10 (full 2):
 PSYoungGen      total 119296K, used 102912K [0x0000000780780000, 0x000000078ce80000, 0x00000007c0000000)
  eden space 102912K, 100% used [0x0000000780780000,0x0000000786c00000,0x0000000786c00000)
  from space 16384K, 0% used [0x0000000786c00000,0x0000000786c00000,0x0000000787c00000)
  to   space 16896K, 0% used [0x000000078be00000,0x000000078be00000,0x000000078ce80000)
 ParOldGen       total 124928K, used 20449K [0x0000000701600000, 0x0000000709000000, 0x0000000780780000)
  object space 124928K, 16% used [0x0000000701600000,0x00000007029f8780,0x0000000709000000)
 Metaspace       used 37557K, capacity 39192K, committed 39424K, reserved 1083392K
  class space    used 5208K, capacity 5540K, committed 5632K, reserved 1048576K
Event: 12.154 GC heap after
Heap after GC invocations=10 (full 2):
 PSYoungGen      total 172544K, used 7801K [0x0000000780780000, 0x000000078c700000, 0x00000007c0000000)
  eden space 163328K, 0% used [0x0000000780780000,0x0000000780780000,0x000000078a700000)
  from space 9216K, 84% used [0x000000078be00000,0x000000078c59e4c8,0x000000078c700000)
  to   space 16384K, 0% used [0x000000078a700000,0x000000078a700000,0x000000078b700000)
 ParOldGen       total 124928K, used 20457K [0x0000000701600000, 0x0000000709000000, 0x0000000780780000)
  object space 124928K, 16% used [0x0000000701600000,0x00000007029fa780,0x0000000709000000)
 Metaspace       used 37557K, capacity 39192K, committed 39424K, reserved 1083392K
  class space    used 5208K, capacity 5540K, committed 5632K, reserved 1048576K
}
Event: 15.456 GC heap before
{Heap before GC invocations=11 (full 2):
 PSYoungGen      total 172544K, used 171129K [0x0000000780780000, 0x000000078c700000, 0x00000007c0000000)
  eden space 163328K, 100% used [0x0000000780780000,0x000000078a700000,0x000000078a700000)
  from space 9216K, 84% used [0x000000078be00000,0x000000078c59e4c8,0x000000078c700000)
  to   space 16384K, 0% used [0x000000078a700000,0x000000078a700000,0x000000078b700000)
 ParOldGen       total 124928K, used 20457K [0x0000000701600000, 0x0000000709000000, 0x0000000780780000)
  object space 124928K, 16% used [0x0000000701600000,0x00000007029fa780,0x0000000709000000)
 Metaspace       used 47646K, capacity 49914K, committed 50176K, reserved 1091584K
  class space    used 6715K, capacity 7111K, committed 7168K, reserved 1048576K
Event: 15.475 GC heap after
Heap after GC invocations=11 (full 2):
 PSYoungGen      total 179712K, used 16271K [0x0000000780780000, 0x000000078ff00000, 0x00000007c0000000)
  eden space 163328K, 0% used [0x0000000780780000,0x0000000780780000,0x000000078a700000)
  from space 16384K, 99% used [0x000000078a700000,0x000000078b6e3cd0,0x000000078b700000)
  to   space 18432K, 0% used [0x000000078ed00000,0x000000078ed00000,0x000000078ff00000)
 ParOldGen       total 124928K, used 20465K [0x0000000701600000, 0x0000000709000000, 0x0000000780780000)
  object space 124928K, 16% used [0x0000000701600000,0x00000007029fc780,0x0000000709000000)
 Metaspace       used 47646K, capacity 49914K, committed 50176K, reserved 1091584K
  class space    used 6715K, capacity 7111K, committed 7168K, reserved 1048576K
}
Event: 3852.741 GC heap before
{Heap before GC invocations=12 (full 2):
 PSYoungGen      total 179712K, used 179599K [0x0000000780780000, 0x000000078ff00000, 0x00000007c0000000)
  eden space 163328K, 100% used [0x0000000780780000,0x000000078a700000,0x000000078a700000)
  from space 16384K, 99% used [0x000000078a700000,0x000000078b6e3cd0,0x000000078b700000)
  to   space 18432K, 0% used [0x000000078ed00000,0x000000078ed00000,0x000000078ff00000)
 ParOldGen       total 124928K, used 20465K [0x0000000701600000, 0x0000000709000000, 0x0000000780780000)
  object space 124928K, 16% used [0x0000000701600000,0x00000007029fc780,0x0000000709000000)
 Metaspace       used 52082K, capacity 54866K, committed 54912K, reserved 1095680K
  class space    used 7329K, capacity 7790K, committed 7808K, reserved 1048576K
Event: 3852.816 GC heap after
Heap after GC invocations=12 (full 2):
 PSYoungGen      total 172544K, used 13479K [0x0000000780780000, 0x000000078fa80000, 0x00000007c0000000)
  eden space 158720K, 0% used [0x0000000780780000,0x0000000780780000,0x000000078a280000)
  from space 13824K, 97% used [0x000000078ed00000,0x000000078fa29d60,0x000000078fa80000)
  to   space 18944K, 0% used [0x000000078d580000,0x000000078d580000,0x000000078e800000)
 ParOldGen       total 124928K, used 23001K [0x0000000701600000, 0x0000000709000000, 0x0000000780780000)
  object space 124928K, 18% used [0x0000000701600000,0x0000000702c767e8,0x0000000709000000)
 Metaspace       used 52082K, capacity 54866K, committed 54912K, reserved 1095680K
  class space    used 7329K, capacity 7790K, committed 7808K, reserved 1048576K
}

